14:51:34.750 [main] DEBUG org.testng.TestNG - suiteXmlPath: "C:\eclipse-workspace\XamproAutomationUsingSeleniumJava\master.xml"
14:51:35.126 [main] INFO  org.testng.internal.Utils - [TestNG] Running:
  C:\eclipse-workspace\XamproAutomationUsingSeleniumJava\master.xml

14:51:49.622 [main] INFO  testCases.TC003_VerifyUpdateProfile - ***** Starting verifyUpdateProfile_TC003 *****
14:54:42.047 [main] DEBUG org.testng.TestNG - suiteXmlPath: "C:\eclipse-workspace\XamproAutomationUsingSeleniumJava\master.xml"
14:54:42.482 [main] INFO  org.testng.internal.Utils - [TestNG] Running:
  C:\eclipse-workspace\XamproAutomationUsingSeleniumJava\master.xml

14:54:52.771 [main] INFO  testCases.TC001_VerifyRegistration - ***** Starting verifyRegistration_TC001 *****
14:54:58.738 [main] INFO  testCases.TC001_VerifyRegistration - ***** Ending verifyRegistration_TC001 *****
14:55:42.097 [main] INFO  testCases.TC002_VerifyLogin - ***** Starting verifyLogin_TC002 *****
14:55:45.821 [main] INFO  testCases.TC002_VerifyLogin - ***** Ending verifyLogin_TC002 *****
14:56:28.628 [main] INFO  testCases.TC003_VerifyUpdateProfile - ***** Starting verifyUpdateProfile_TC003 *****
14:58:50.397 [main] DEBUG org.testng.TestNG - suiteXmlPath: "C:\eclipse-workspace\XamproAutomationUsingSeleniumJava\master.xml"
14:58:50.774 [main] INFO  org.testng.internal.Utils - [TestNG] Running:
  C:\eclipse-workspace\XamproAutomationUsingSeleniumJava\master.xml

14:59:01.224 [main] INFO  testCases.TC001_VerifyRegistration - ***** Starting verifyRegistration_TC001 *****
14:59:07.115 [main] INFO  testCases.TC001_VerifyRegistration - ***** Ending verifyRegistration_TC001 *****
14:59:32.121 [main] INFO  testCases.TC002_VerifyLogin - ***** Starting verifyLogin_TC002 *****
15:00:35.441 [main] INFO  testCases.TC003_VerifyUpdateProfile - ***** Starting verifyUpdateProfile_TC003 *****
15:02:01.289 [main] DEBUG org.testng.TestNG - suiteXmlPath: "C:\eclipse-workspace\XamproAutomationUsingSeleniumJava\master.xml"
15:02:01.735 [main] INFO  org.testng.internal.Utils - [TestNG] Running:
  C:\eclipse-workspace\XamproAutomationUsingSeleniumJava\master.xml

15:02:12.837 [main] INFO  testCases.TC001_VerifyRegistration - ***** Starting verifyRegistration_TC001 *****
15:02:18.504 [main] INFO  testCases.TC001_VerifyRegistration - ***** Ending verifyRegistration_TC001 *****
15:02:57.390 [main] INFO  testCases.TC002_VerifyLogin - ***** Starting verifyLogin_TC002 *****
15:04:05.456 [main] INFO  testCases.TC003_VerifyUpdateProfile - ***** Starting verifyUpdateProfile_TC003 *****
15:05:54.319 [main] DEBUG org.testng.TestNG - suiteXmlPath: "C:\eclipse-workspace\XamproAutomationUsingSeleniumJava\master.xml"
15:05:54.712 [main] INFO  org.testng.internal.Utils - [TestNG] Running:
  C:\eclipse-workspace\XamproAutomationUsingSeleniumJava\master.xml

15:06:05.745 [main] INFO  testCases.TC001_VerifyRegistration - ***** Starting verifyRegistration_TC001 *****
15:06:17.677 [main] INFO  testCases.TC001_VerifyRegistration - ***** Ending verifyRegistration_TC001 *****
15:07:05.861 [main] INFO  testCases.TC002_VerifyLogin - ***** Starting verifyLogin_TC002 *****
15:07:09.523 [main] INFO  testCases.TC002_VerifyLogin - ***** Ending verifyLogin_TC002 *****
15:07:30.986 [main] INFO  testCases.TC003_VerifyUpdateProfile - ***** Starting verifyUpdateProfile_TC003 *****
15:08:09.043 [main] DEBUG org.testng.TestNG - suiteXmlPath: "C:\eclipse-workspace\XamproAutomationUsingSeleniumJava\master.xml"
15:08:09.498 [main] INFO  org.testng.internal.Utils - [TestNG] Running:
  C:\eclipse-workspace\XamproAutomationUsingSeleniumJava\master.xml

15:08:20.162 [main] INFO  testCases.TC001_VerifyRegistration - ***** Starting verifyRegistration_TC001 *****
15:08:32.188 [main] INFO  testCases.TC001_VerifyRegistration - ***** Ending verifyRegistration_TC001 *****
15:09:18.755 [main] INFO  testCases.TC002_VerifyLogin - ***** Starting verifyLogin_TC002 *****
15:09:22.354 [main] INFO  testCases.TC002_VerifyLogin - ***** Ending verifyLogin_TC002 *****
15:09:34.105 [main] INFO  testCases.TC003_VerifyUpdateProfile - ***** Starting verifyUpdateProfile_TC003 *****
